0 info it worked if it ends with ok
1 verbose cli [ '/Users/admin/.nvm/versions/node/v5.11.0/bin/node',
1 verbose cli   '/Users/admin/.nvm/versions/node/v5.11.0/bin/npm',
1 verbose cli   'install' ]
2 info using npm@3.8.6
3 info using node@v5.11.0
4 silly loadCurrentTree Starting
5 silly install loadCurrentTree
6 silly install readLocalPackageData
7 silly install normalizeTree
8 silly loadCurrentTree Finishing
9 silly loadIdealTree Starting
10 silly install loadIdealTree
11 silly cloneCurrentTree Starting
12 silly install cloneCurrentTreeToIdealTree
13 silly cloneCurrentTree Finishing
14 silly loadShrinkwrap Starting
15 silly install loadShrinkwrap
16 silly loadShrinkwrap Finishing
17 silly loadAllDepsIntoIdealTree Starting
18 silly install loadAllDepsIntoIdealTree
19 silly loadAllDepsIntoIdealTree Finishing
20 silly idealTree:prePrune bike-builder@1.0.0
20 silly idealTree:prePrune ├── accepts@1.3.3
20 silly idealTree:prePrune ├── angular-animate@1.5.7
20 silly idealTree:prePrune ├── ansi-regex@1.1.1
20 silly idealTree:prePrune ├── ansi-styles@2.2.1
20 silly idealTree:prePrune ├── array-flatten@1.1.1
20 silly idealTree:prePrune ├── async@1.5.2
20 silly idealTree:prePrune ├── basic-auth@1.0.4
20 silly idealTree:prePrune ├── bluebird@2.10.2
20 silly idealTree:prePrune ├── body-parser@1.15.2
20 silly idealTree:prePrune ├── bower@1.7.9
20 silly idealTree:prePrune ├── bson@0.4.23
20 silly idealTree:prePrune ├── bytes@2.4.0
20 silly idealTree:prePrune ├── chalk@1.0.0
20 silly idealTree:prePrune ├── content-disposition@0.5.1
20 silly idealTree:prePrune ├── content-type@1.0.2
20 silly idealTree:prePrune ├── cookie-signature@1.0.6
20 silly idealTree:prePrune ├── cookie@0.3.1
20 silly idealTree:prePrune ├── core-util-is@1.0.2
20 silly idealTree:prePrune ├── cors@2.7.1
20 silly idealTree:prePrune ├── debug@2.2.0
20 silly idealTree:prePrune ├── depd@1.1.0
20 silly idealTree:prePrune ├── destroy@1.0.4
20 silly idealTree:prePrune ├── ee-first@1.1.1
20 silly idealTree:prePrune ├── encodeurl@1.0.1
20 silly idealTree:prePrune ├── es6-promise@3.0.2
20 silly idealTree:prePrune ├── escape-html@1.0.3
20 silly idealTree:prePrune ├── escape-string-regexp@1.0.5
20 silly idealTree:prePrune ├── etag@1.7.0
20 silly idealTree:prePrune ├── express@4.14.0
20 silly idealTree:prePrune ├── finalhandler@0.5.0
20 silly idealTree:prePrune ├── forwarded@0.1.0
20 silly idealTree:prePrune ├── fresh@0.3.0
20 silly idealTree:prePrune ├── get-stdin@4.0.1
20 silly idealTree:prePrune ├── has-ansi@1.0.3
20 silly idealTree:prePrune ├── hooks-fixed@1.1.0
20 silly idealTree:prePrune ├── http-errors@1.5.0
20 silly idealTree:prePrune ├── iconv-lite@0.4.13
20 silly idealTree:prePrune ├── inherits@2.0.1
20 silly idealTree:prePrune ├── ipaddr.js@1.1.1
20 silly idealTree:prePrune ├── isarray@0.0.1
20 silly idealTree:prePrune ├── kareem@1.1.3
20 silly idealTree:prePrune ├── lodash@3.9.3
20 silly idealTree:prePrune ├── media-typer@0.3.0
20 silly idealTree:prePrune ├── merge-descriptors@1.0.1
20 silly idealTree:prePrune ├── method-override@2.3.6
20 silly idealTree:prePrune ├── methods@1.1.2
20 silly idealTree:prePrune ├── mime-db@1.23.0
20 silly idealTree:prePrune ├── mime-types@2.1.11
20 silly idealTree:prePrune ├── mime@1.3.4
20 silly idealTree:prePrune ├── mongodb-core@1.3.18
20 silly idealTree:prePrune ├── mongodb@2.1.18
20 silly idealTree:prePrune ├─┬ mongoose-seed@0.1.5
20 silly idealTree:prePrune │ └── async@1.2.1
20 silly idealTree:prePrune ├── mongoose@4.5.3
20 silly idealTree:prePrune ├── morgan@1.7.0
20 silly idealTree:prePrune ├── mpath@0.2.1
20 silly idealTree:prePrune ├── mpromise@0.5.5
20 silly idealTree:prePrune ├─┬ mquery@1.11.0
20 silly idealTree:prePrune │ └── sliced@0.0.5
20 silly idealTree:prePrune ├── ms@0.7.1
20 silly idealTree:prePrune ├── muri@1.1.0
20 silly idealTree:prePrune ├── negotiator@0.6.1
20 silly idealTree:prePrune ├── on-finished@2.3.0
20 silly idealTree:prePrune ├── on-headers@1.0.1
20 silly idealTree:prePrune ├── parseurl@1.3.1
20 silly idealTree:prePrune ├── path-to-regexp@0.1.7
20 silly idealTree:prePrune ├── path@0.11.14
20 silly idealTree:prePrune ├── proxy-addr@1.1.2
20 silly idealTree:prePrune ├── qs@6.2.0
20 silly idealTree:prePrune ├── range-parser@1.2.0
20 silly idealTree:prePrune ├── raw-body@2.1.7
20 silly idealTree:prePrune ├── readable-stream@1.0.31
20 silly idealTree:prePrune ├── regexp-clone@0.0.1
20 silly idealTree:prePrune ├── require_optional@1.0.0
20 silly idealTree:prePrune ├── resolve-from@2.0.0
20 silly idealTree:prePrune ├── semver@5.2.0
20 silly idealTree:prePrune ├── send@0.14.1
20 silly idealTree:prePrune ├── serve-static@1.11.1
20 silly idealTree:prePrune ├── setprototypeof@1.0.1
20 silly idealTree:prePrune ├── sliced@1.0.1
20 silly idealTree:prePrune ├── statuses@1.3.0
20 silly idealTree:prePrune ├── string_decoder@0.10.31
20 silly idealTree:prePrune ├── strip-ansi@2.0.1
20 silly idealTree:prePrune ├── supports-color@1.3.1
20 silly idealTree:prePrune ├── type-is@1.6.13
20 silly idealTree:prePrune ├── unpipe@1.0.0
20 silly idealTree:prePrune ├── utils-merge@1.0.0
20 silly idealTree:prePrune └── vary@1.1.0
21 silly loadIdealTree Finishing
22 silly currentTree bike-builder@1.0.0
22 silly currentTree ├── accepts@1.3.3
22 silly currentTree ├── angular-animate@1.5.7
22 silly currentTree ├── ansi-regex@1.1.1
22 silly currentTree ├── ansi-styles@2.2.1
22 silly currentTree ├── array-flatten@1.1.1
22 silly currentTree ├── async@1.5.2
22 silly currentTree ├── basic-auth@1.0.4
22 silly currentTree ├── bluebird@2.10.2
22 silly currentTree ├── body-parser@1.15.2
22 silly currentTree ├── bower@1.7.9
22 silly currentTree ├── bson@0.4.23
22 silly currentTree ├── bytes@2.4.0
22 silly currentTree ├── chalk@1.0.0
22 silly currentTree ├── content-disposition@0.5.1
22 silly currentTree ├── content-type@1.0.2
22 silly currentTree ├── cookie-signature@1.0.6
22 silly currentTree ├── cookie@0.3.1
22 silly currentTree ├── core-util-is@1.0.2
22 silly currentTree ├── cors@2.7.1
22 silly currentTree ├── debug@2.2.0
22 silly currentTree ├── depd@1.1.0
22 silly currentTree ├── destroy@1.0.4
22 silly currentTree ├── ee-first@1.1.1
22 silly currentTree ├── encodeurl@1.0.1
22 silly currentTree ├── es6-promise@3.0.2
22 silly currentTree ├── escape-html@1.0.3
22 silly currentTree ├── escape-string-regexp@1.0.5
22 silly currentTree ├── etag@1.7.0
22 silly currentTree ├── express@4.14.0
22 silly currentTree ├── finalhandler@0.5.0
22 silly currentTree ├── forwarded@0.1.0
22 silly currentTree ├── fresh@0.3.0
22 silly currentTree ├── get-stdin@4.0.1
22 silly currentTree ├── has-ansi@1.0.3
22 silly currentTree ├── hooks-fixed@1.1.0
22 silly currentTree ├── http-errors@1.5.0
22 silly currentTree ├── iconv-lite@0.4.13
22 silly currentTree ├── inherits@2.0.1
22 silly currentTree ├── ipaddr.js@1.1.1
22 silly currentTree ├── isarray@0.0.1
22 silly currentTree ├── kareem@1.1.3
22 silly currentTree ├── lodash@3.9.3
22 silly currentTree ├── media-typer@0.3.0
22 silly currentTree ├── merge-descriptors@1.0.1
22 silly currentTree ├── method-override@2.3.6
22 silly currentTree ├── methods@1.1.2
22 silly currentTree ├── mime-db@1.23.0
22 silly currentTree ├── mime-types@2.1.11
22 silly currentTree ├── mime@1.3.4
22 silly currentTree ├── mongodb-core@1.3.18
22 silly currentTree ├── mongodb@2.1.18
22 silly currentTree ├─┬ mongoose-seed@0.1.5
22 silly currentTree │ └── async@1.2.1
22 silly currentTree ├── mongoose@4.5.3
22 silly currentTree ├── morgan@1.7.0
22 silly currentTree ├── mpath@0.2.1
22 silly currentTree ├── mpromise@0.5.5
22 silly currentTree ├─┬ mquery@1.11.0
22 silly currentTree │ └── sliced@0.0.5
22 silly currentTree ├── ms@0.7.1
22 silly currentTree ├── muri@1.1.0
22 silly currentTree ├── negotiator@0.6.1
22 silly currentTree ├── on-finished@2.3.0
22 silly currentTree ├── on-headers@1.0.1
22 silly currentTree ├── parseurl@1.3.1
22 silly currentTree ├── path-to-regexp@0.1.7
22 silly currentTree ├── path@0.11.14
22 silly currentTree ├── proxy-addr@1.1.2
22 silly currentTree ├── qs@6.2.0
22 silly currentTree ├── range-parser@1.2.0
22 silly currentTree ├── raw-body@2.1.7
22 silly currentTree ├── readable-stream@1.0.31
22 silly currentTree ├── regexp-clone@0.0.1
22 silly currentTree ├── require_optional@1.0.0
22 silly currentTree ├── resolve-from@2.0.0
22 silly currentTree ├── semver@5.2.0
22 silly currentTree ├── send@0.14.1
22 silly currentTree ├── serve-static@1.11.1
22 silly currentTree ├── setprototypeof@1.0.1
22 silly currentTree ├── sliced@1.0.1
22 silly currentTree ├── statuses@1.3.0
22 silly currentTree ├── string_decoder@0.10.31
22 silly currentTree ├── strip-ansi@2.0.1
22 silly currentTree ├── supports-color@1.3.1
22 silly currentTree ├── type-is@1.6.13
22 silly currentTree ├── unpipe@1.0.0
22 silly currentTree ├── utils-merge@1.0.0
22 silly currentTree └── vary@1.1.0
23 silly idealTree bike-builder@1.0.0
23 silly idealTree ├── accepts@1.3.3
23 silly idealTree ├── angular-animate@1.5.7
23 silly idealTree ├── ansi-regex@1.1.1
23 silly idealTree ├── ansi-styles@2.2.1
23 silly idealTree ├── array-flatten@1.1.1
23 silly idealTree ├── async@1.5.2
23 silly idealTree ├── basic-auth@1.0.4
23 silly idealTree ├── bluebird@2.10.2
23 silly idealTree ├── body-parser@1.15.2
23 silly idealTree ├── bower@1.7.9
23 silly idealTree ├── bson@0.4.23
23 silly idealTree ├── bytes@2.4.0
23 silly idealTree ├── chalk@1.0.0
23 silly idealTree ├── content-disposition@0.5.1
23 silly idealTree ├── content-type@1.0.2
23 silly idealTree ├── cookie-signature@1.0.6
23 silly idealTree ├── cookie@0.3.1
23 silly idealTree ├── core-util-is@1.0.2
23 silly idealTree ├── cors@2.7.1
23 silly idealTree ├── debug@2.2.0
23 silly idealTree ├── depd@1.1.0
23 silly idealTree ├── destroy@1.0.4
23 silly idealTree ├── ee-first@1.1.1
23 silly idealTree ├── encodeurl@1.0.1
23 silly idealTree ├── es6-promise@3.0.2
23 silly idealTree ├── escape-html@1.0.3
23 silly idealTree ├── escape-string-regexp@1.0.5
23 silly idealTree ├── etag@1.7.0
23 silly idealTree ├── express@4.14.0
23 silly idealTree ├── finalhandler@0.5.0
23 silly idealTree ├── forwarded@0.1.0
23 silly idealTree ├── fresh@0.3.0
23 silly idealTree ├── get-stdin@4.0.1
23 silly idealTree ├── has-ansi@1.0.3
23 silly idealTree ├── hooks-fixed@1.1.0
23 silly idealTree ├── http-errors@1.5.0
23 silly idealTree ├── iconv-lite@0.4.13
23 silly idealTree ├── inherits@2.0.1
23 silly idealTree ├── ipaddr.js@1.1.1
23 silly idealTree ├── isarray@0.0.1
23 silly idealTree ├── kareem@1.1.3
23 silly idealTree ├── lodash@3.9.3
23 silly idealTree ├── media-typer@0.3.0
23 silly idealTree ├── merge-descriptors@1.0.1
23 silly idealTree ├── method-override@2.3.6
23 silly idealTree ├── methods@1.1.2
23 silly idealTree ├── mime-db@1.23.0
23 silly idealTree ├── mime-types@2.1.11
23 silly idealTree ├── mime@1.3.4
23 silly idealTree ├── mongodb-core@1.3.18
23 silly idealTree ├── mongodb@2.1.18
23 silly idealTree ├─┬ mongoose-seed@0.1.5
23 silly idealTree │ └── async@1.2.1
23 silly idealTree ├── mongoose@4.5.3
23 silly idealTree ├── morgan@1.7.0
23 silly idealTree ├── mpath@0.2.1
23 silly idealTree ├── mpromise@0.5.5
23 silly idealTree ├─┬ mquery@1.11.0
23 silly idealTree │ └── sliced@0.0.5
23 silly idealTree ├── ms@0.7.1
23 silly idealTree ├── muri@1.1.0
23 silly idealTree ├── negotiator@0.6.1
23 silly idealTree ├── on-finished@2.3.0
23 silly idealTree ├── on-headers@1.0.1
23 silly idealTree ├── parseurl@1.3.1
23 silly idealTree ├── path-to-regexp@0.1.7
23 silly idealTree ├── path@0.11.14
23 silly idealTree ├── proxy-addr@1.1.2
23 silly idealTree ├── qs@6.2.0
23 silly idealTree ├── range-parser@1.2.0
23 silly idealTree ├── raw-body@2.1.7
23 silly idealTree ├── readable-stream@1.0.31
23 silly idealTree ├── regexp-clone@0.0.1
23 silly idealTree ├── require_optional@1.0.0
23 silly idealTree ├── resolve-from@2.0.0
23 silly idealTree ├── semver@5.2.0
23 silly idealTree ├── send@0.14.1
23 silly idealTree ├── serve-static@1.11.1
23 silly idealTree ├── setprototypeof@1.0.1
23 silly idealTree ├── sliced@1.0.1
23 silly idealTree ├── statuses@1.3.0
23 silly idealTree ├── string_decoder@0.10.31
23 silly idealTree ├── strip-ansi@2.0.1
23 silly idealTree ├── supports-color@1.3.1
23 silly idealTree ├── type-is@1.6.13
23 silly idealTree ├── unpipe@1.0.0
23 silly idealTree ├── utils-merge@1.0.0
23 silly idealTree └── vary@1.1.0
24 silly generateActionsToTake Starting
25 silly install generateActionsToTake
26 silly generateActionsToTake Finishing
27 silly diffTrees action count 0
28 silly decomposeActions action count 0
29 silly executeActions Starting
30 silly install executeActions
31 silly doSerial global-install 0
32 silly doParallel fetch 0
33 verbose correctMkdir /Users/admin/.npm/_locks correctMkdir not in flight; initializing
34 verbose lock using /Users/admin/.npm/_locks/staging-db6b67c2ceae7f60.lock for /Users/admin/development/WDI_FINAL_PROJECT/node_modules/.staging
35 silly doParallel extract 0
36 silly doParallel preinstall 0
37 silly doReverseSerial remove 0
38 silly doSerial move 0
39 silly doSerial finalize 0
40 silly doSerial build 0
41 silly doSerial global-link 0
42 silly doParallel update-linked 0
43 silly doSerial install 0
44 silly doSerial postinstall 0
45 verbose unlock done using /Users/admin/.npm/_locks/staging-db6b67c2ceae7f60.lock for /Users/admin/development/WDI_FINAL_PROJECT/node_modules/.staging
46 silly executeActions Finishing
47 silly rollbackFailedOptional Starting
48 silly rollbackFailedOptional Finishing
49 silly runTopLevelLifecycles Starting
50 silly install runTopLevelLifecycles
51 silly preinstall bike-builder@1.0.0 /Users/admin/development/WDI_FINAL_PROJECT/bike-builder-cc527754
52 info lifecycle bike-builder@1.0.0~preinstall: bike-builder@1.0.0
53 silly lifecycle bike-builder@1.0.0~preinstall: no script for preinstall, continuing
54 silly build bike-builder@1.0.0
55 info linkStuff bike-builder@1.0.0
56 silly linkStuff bike-builder@1.0.0 has /Users/admin/development as its parent node_modules
57 verbose linkBins bike-builder@1.0.0
58 verbose linkMans bike-builder@1.0.0
59 silly install bike-builder@1.0.0 /Users/admin/development/WDI_FINAL_PROJECT/bike-builder-cc527754
60 info lifecycle bike-builder@1.0.0~install: bike-builder@1.0.0
61 silly lifecycle bike-builder@1.0.0~install: no script for install, continuing
62 silly postinstall bike-builder@1.0.0 /Users/admin/development/WDI_FINAL_PROJECT/bike-builder-cc527754
63 info lifecycle bike-builder@1.0.0~postinstall: bike-builder@1.0.0
64 verbose lifecycle bike-builder@1.0.0~postinstall: unsafe-perm in lifecycle true
65 verbose lifecycle bike-builder@1.0.0~postinstall: PATH: /Users/admin/.nvm/versions/node/v5.11.0/lib/node_modules/npm/bin/node-gyp-bin:/Users/admin/development/WDI_FINAL_PROJECT/node_modules/.bin:/Users/admin/.nvm/versions/node/v5.11.0/bin:/Applications/Postgres.app/Contents/Versions/latest/bin:/Users/admin/.nvm/versions/node/v5.11.0/bin:/Users/admin/.rbenv/shims:/Users/admin/.rbenv/shims:/Users/admin/.rbenv/shims:/usr/local/bin:/usr/local/bin:/usr/bin:/bin:/usr/sbin:/sbin:/Applications/Postgres.app/Contents/Versions/latest/bin
66 verbose lifecycle bike-builder@1.0.0~postinstall: CWD: /Users/admin/development/WDI_FINAL_PROJECT
67 silly lifecycle bike-builder@1.0.0~postinstall: Args: [ '-c', './node_modules/bower/bin/bower install' ]
68 silly lifecycle bike-builder@1.0.0~postinstall: Returned: code: 1  signal: null
69 info lifecycle bike-builder@1.0.0~postinstall: Failed to exec postinstall script
70 warn bike-builder@1.0.0 No description
71 warn bike-builder@1.0.0 No repository field.
72 verbose stack Error: bike-builder@1.0.0 postinstall: `./node_modules/bower/bin/bower install`
72 verbose stack Exit status 1
72 verbose stack     at EventEmitter.<anonymous> (/Users/admin/.nvm/versions/node/v5.11.0/lib/node_modules/npm/lib/utils/lifecycle.js:239:16)
72 verbose stack     at emitTwo (events.js:100:13)
72 verbose stack     at EventEmitter.emit (events.js:185:7)
72 verbose stack     at ChildProcess.<anonymous> (/Users/admin/.nvm/versions/node/v5.11.0/lib/node_modules/npm/lib/utils/spawn.js:24:14)
72 verbose stack     at emitTwo (events.js:100:13)
72 verbose stack     at ChildProcess.emit (events.js:185:7)
72 verbose stack     at maybeClose (internal/child_process.js:850:16)
72 verbose stack     at Process.ChildProcess._handle.onexit (internal/child_process.js:215:5)
73 verbose pkgid bike-builder@1.0.0
74 verbose cwd /Users/admin/development/WDI_FINAL_PROJECT
75 error Darwin 15.5.0
76 error argv "/Users/admin/.nvm/versions/node/v5.11.0/bin/node" "/Users/admin/.nvm/versions/node/v5.11.0/bin/npm" "install"
77 error node v5.11.0
78 error npm  v3.8.6
79 error code ELIFECYCLE
80 error bike-builder@1.0.0 postinstall: `./node_modules/bower/bin/bower install`
80 error Exit status 1
81 error Failed at the bike-builder@1.0.0 postinstall script './node_modules/bower/bin/bower install'.
81 error Make sure you have the latest version of node.js and npm installed.
81 error If you do, this is most likely a problem with the bike-builder package,
81 error not with npm itself.
81 error Tell the author that this fails on your system:
81 error     ./node_modules/bower/bin/bower install
81 error You can get information on how to open an issue for this project with:
81 error     npm bugs bike-builder
81 error Or if that isn't available, you can get their info via:
81 error     npm owner ls bike-builder
81 error There is likely additional logging output above.
82 verbose exit [ 1, true ]
